nohup: ignoring input
   ▲ Next.js 15.3.3
   - Local:        http://localhost:3000
   - Network:      http://10.36.50.110:3000

 ✓ Starting...
 ✓ Ready in 2.3s
 ○ Compiling / ...
 ✓ Compiled / in 3.7s (988 modules)
 HEAD / 200 in 4092ms
 ✓ Compiled in 140ms (379 modules)
 GET / 200 in 97ms
 ✓ Compiled /_not-found in 288ms (947 modules)
 GET /_next/static/chunks/src_app_globals_b805903d.css 404 in 587ms
 GET /_next/static/chunks/node_modules_%40swc_helpers_cjs_00636ac3._.js 404 in 430ms
 GET /_next/static/chunks/node_modules_next_dist_2ecbf5fa._.js 404 in 464ms
 GET /_next/static/chunks/node_modules_next_dist_client_8f19e6fb._.js 404 in 465ms
 GET /_next/static/chunks/node_modules_next_dist_compiled_2ce9398a._.js 404 in 467ms
 GET /_next/static/chunks/%5Bturbopack%5D_browser_dev_hmr-client_hmr-client_ts_fd44f5a4._.js 404 in 587ms
 GET /_next/static/chunks/_e69f0d32._.js 404 in 79ms
 GET /_next/static/chunks/src_app_favicon_ico_mjs_8a7a8fdc._.js 404 in 77ms
 GET /_next/static/chunks/node_modules_next_dist_1a6ee436._.js 404 in 78ms
 GET /_next/static/chunks/_93808211._.js 404 in 79ms
 GET /_next/static/chunks/src_1246dabe._.js 404 in 115ms
 GET /_next/static/chunks/node_modules_3d823d1a._.js 404 in 116ms
 GET /_next/static/chunks/node_modules_standardized-audio-context_build_es2019_factories_ecf1491f._.js 404 in 72ms
 GET /_next/static/chunks/node_modules_tone_build_esm_61897712._.js 404 in 74ms
 GET /_next/static/chunks/src_88d5922c._.js 404 in 75ms
 GET /_next/static/chunks/src_app_layout_tsx_c0237562._.js 404 in 76ms
 GET /_next/static/chunks/node_modules_standardized-audio-context_build_es2019_module_8b593883.js 404 in 111ms
 GET /_next/static/chunks/node_modules_standardized-audio-context_build_es2019_types_3f9503e3._.js 404 in 111ms
 ✓ Compiled /favicon.ico in 188ms (963 modules)
 GET /_next/static/chunks/node_modules_standardized-audio-context_build_es2019_bb839900._.js 404 in 466ms
 GET /_next/static/chunks/src_app_page_tsx_d846e3da._.js 404 in 465ms
 GET /_next/static/chunks/node_modules_388094b5._.js 404 in 466ms
 GET /_next/static/chunks/node_modules_recharts_es6_b82680d1._.js 404 in 466ms
 GET /_next/static/chunks/node_modules_lodash_ff39e716._.js 404 in 466ms
 GET /favicon.ico?favicon.56766c03.ico 200 in 491ms
 GET /favicon.ico?favicon.56766c03.ico 200 in 4ms
 GET /sw.js 404 in 20ms
 GET /_next/static/chunks/src_app_globals_b805903d.css 404 in 43ms
 GET /_next/static/chunks/%5Bturbopack%5D_browser_dev_hmr-client_hmr-client_ts_fd44f5a4._.js 404 in 43ms
 GET /_next/static/chunks/node_modules_%40swc_helpers_cjs_00636ac3._.js 404 in 73ms
 GET /_next/static/chunks/node_modules_next_dist_2ecbf5fa._.js 404 in 74ms
 GET /_next/static/chunks/node_modules_next_dist_client_8f19e6fb._.js 404 in 75ms
 GET /_next/static/chunks/node_modules_next_dist_compiled_2ce9398a._.js 404 in 76ms
 GET /_next/static/chunks/_e69f0d32._.js 404 in 109ms
 GET /_next/static/chunks/_93808211._.js 404 in 111ms
 GET /_next/static/chunks/node_modules_next_dist_1a6ee436._.js 404 in 72ms
 GET /_next/static/chunks/src_1246dabe._.js 404 in 70ms
 GET /_next/static/chunks/node_modules_3d823d1a._.js 404 in 71ms
 GET /_next/static/chunks/src_app_favicon_ico_mjs_8a7a8fdc._.js 404 in 72ms
 GET /_next/static/chunks/src_88d5922c._.js 404 in 107ms
 GET /_next/static/chunks/src_app_layout_tsx_c0237562._.js 404 in 108ms
 GET /_next/static/chunks/node_modules_tone_build_esm_61897712._.js 404 in 72ms
 GET /_next/static/chunks/node_modules_standardized-audio-context_build_es2019_module_8b593883.js 404 in 70ms
 GET /_next/static/chunks/node_modules_standardized-audio-context_build_es2019_types_3f9503e3._.js 404 in 71ms
 GET /_next/static/chunks/node_modules_standardized-audio-context_build_es2019_factories_ecf1491f._.js 404 in 72ms
 GET /_next/static/chunks/node_modules_lodash_ff39e716._.js 404 in 107ms
 GET /_next/static/chunks/node_modules_standardized-audio-context_build_es2019_bb839900._.js 404 in 108ms
 GET /_next/static/chunks/src_app_page_tsx_d846e3da._.js 404 in 56ms
 GET /_next/static/chunks/node_modules_388094b5._.js 404 in 56ms
 GET /_next/static/chunks/node_modules_recharts_es6_b82680d1._.js 404 in 57ms
 GET /favicon.ico?favicon.56766c03.ico 200 in 60ms
 GET /sw.js 404 in 21ms
 GET /sw.js 404 in 45ms
 ✓ Compiled /login in 484ms (996 modules)
 GET /login 200 in 730ms
 GET /login 200 in 65ms
 ✓ Compiled /favicon.ico in 153ms (633 modules)
 GET /favicon.ico 200 in 205ms
 GET /favicon.ico 200 in 4ms
 ✓ Compiled /_not-found in 166ms (1012 modules)
 GET /sw.js 404 in 337ms
 ○ Compiling /dashboard ...
 ✓ Compiled /dashboard in 1336ms (1284 modules)
 GET /dashboard 200 in 1423ms
 ○ Compiling /events/[id] ...
 ✓ Compiled /events/[id] in 936ms (1352 modules)
 GET /events/r2Td2AXF4Opa4wOi0CyZ 200 in 1420ms
 GET /login 200 in 26ms
 GET /login?redirect=%2Fevents%2Fr2Td2AXF4Opa4wOi0CyZ 200 in 10ms
 GET /events/r2Td2AXF4Opa4wOi0CyZ 200 in 31ms
 GET /login?redirect=%2Fevents%2Fr2Td2AXF4Opa4wOi0CyZ 200 in 14ms
 GET /login?redirect=%2Fevents%2Fr2Td2AXF4Opa4wOi0CyZ 200 in 11ms
 GET /events/r2Td2AXF4Opa4wOi0CyZ 200 in 28ms
 GET /dashboard 200 in 19ms
 GET /dashboard 200 in 16ms
 GET /dashboard 200 in 13ms
 GET /dashboard 200 in 12ms
 GET /login 200 in 29ms
 GET /login?redirect=%2Fdashboard 200 in 13ms
 GET /dashboard 200 in 13ms
 GET /login?redirect=%2Fdashboard 200 in 11ms
 GET /login?redirect=%2Fdashboard 200 in 9ms
 GET /dashboard 200 in 11ms
 GET /login 200 in 10ms
 GET /login?redirect=%2Fdashboard 200 in 11ms
 GET /dashboard 200 in 17ms
 GET /login?redirect=%2Fdashboard 200 in 12ms
 GET /login?redirect=%2Fdashboard 200 in 10ms
 GET /dashboard 200 in 10ms
 GET /sw.js 404 in 157ms
 GET /login 200 in 24ms
 GET /login?redirect=%2Fdashboard 200 in 13ms
 GET /sw.js 404 in 34ms
 ✓ Compiled in 900ms (1332 modules)
 GET /login?redirect=%2Fdashboard 200 in 84ms
 GET /sw.js 404 in 148ms
 ✓ Compiled in 417ms (1332 modules)
 GET /login?redirect=%2Fdashboard 200 in 57ms
 GET /sw.js 404 in 94ms
 ⚠ Found a change in next.config.ts. Restarting the server to apply the changes...
   ▲ Next.js 15.3.3
   - Local:        http://localhost:3000
   - Network:      http://10.36.50.110:3000

 ✓ Starting...
 ✓ Ready in 2.3s
